Release 14.7 - xst P.20131013 (nt64)
Copyright (c) 1995-2013 Xilinx, Inc.  All rights reserved.
--> Parameter TMPDIR set to xst/projnav.tmp


Total REAL time to Xst completion: 1.00 secs
Total CPU time to Xst completion: 0.13 secs
 
--> Parameter xsthdpdir set to xst


Total REAL time to Xst completion: 1.00 secs
Total CPU time to Xst completion: 0.13 secs
 
--> Reading design: inde.prj

TABLE OF CONTENTS
  1) Synthesis Options Summary
  2) HDL Parsing
  3) HDL Elaboration
  4) HDL Synthesis
       4.1) HDL Synthesis Report
  5) Advanced HDL Synthesis
       5.1) Advanced HDL Synthesis Report
  6) Low Level Synthesis
  7) Partition Report
  8) Design Summary
       8.1) Primitive and Black Box Usage
       8.2) Device utilization summary
       8.3) Partition Resource Summary
       8.4) Timing Report
            8.4.1) Clock Information
            8.4.2) Asynchronous Control Signals Information
            8.4.3) Timing Summary
            8.4.4) Timing Details
            8.4.5) Cross Clock Domains Report


=========================================================================
*                      Synthesis Options Summary                        *
=========================================================================
---- Source Parameters
Input File Name                    : "inde.prj"
Ignore Synthesis Constraint File   : NO

---- Target Parameters
Output File Name                   : "inde"
Output Format                      : NGC
Target Device                      : xc6slx16-2-csg324

---- Source Options
Top Module Name                    : inde
Automatic FSM Extraction           : YES
FSM Encoding Algorithm             : Auto
Safe Implementation                : No
FSM Style                          : LUT
RAM Extraction                     : Yes
RAM Style                          : Auto
ROM Extraction                     : Yes
Shift Register Extraction          : YES
ROM Style                          : Auto
Resource Sharing                   : YES
Asynchronous To Synchronous        : NO
Shift Register Minimum Size        : 2
Use DSP Block                      : Auto
Automatic Register Balancing       : No

---- Target Options
LUT Combining                      : Auto
Reduce Control Sets                : Auto
Add IO Buffers                     : YES
Global Maximum Fanout              : 100000
Add Generic Clock Buffer(BUFG)     : 16
Register Duplication               : YES
Optimize Instantiated Primitives   : NO
Use Clock Enable                   : Auto
Use Synchronous Set                : Auto
Use Synchronous Reset              : Auto
Pack IO Registers into IOBs        : Auto
Equivalent register Removal        : YES

---- General Options
Optimization Goal                  : Speed
Optimization Effort                : 1
Power Reduction                    : NO
Keep Hierarchy                     : No
Netlist Hierarchy                  : As_Optimized
RTL Output                         : Yes
Global Optimization                : AllClockNets
Read Cores                         : YES
Write Timing Constraints           : NO
Cross Clock Analysis               : NO
Hierarchy Separator                : /
Bus Delimiter                      : <>
Case Specifier                     : Maintain
Slice Utilization Ratio            : 100
BRAM Utilization Ratio             : 100
DSP48 Utilization Ratio            : 100
Auto BRAM Packing                  : NO
Slice Utilization Ratio Delta      : 5

=========================================================================


=========================================================================
*                          HDL Parsing                                  *
=========================================================================
Analyzing Verilog file "C:\Xilinx\Tutorial\Data_Cu_Mem\inde.v" into library work
Parsing module <inde>.
Parsing module <Sign_Ex_Test>.
Parsing module <mux2x1>.
Parsing module <ALU>.
Parsing module <andop>.
Parsing module <orop>.
Parsing module <xorop>.
Parsing module <notop>.
Parsing module <xnorop>.
Parsing module <zero>.
Parsing module <carry_select_adder_subtractor>.
Parsing module <carry_select_adder>.
Parsing module <ripple_carry_adder>.
Parsing module <full_adder>.
Parsing module <multiplexer_2_1>.
Parsing module <RegisterFile_16x16>.
Parsing module <DEMUX_1x16>.
Parsing module <Register16>.
Parsing module <DFF>.
Parsing module <My_NAND>.
Parsing module <MUX16X1>.
Parsing module <MUX16X1_32>.

=========================================================================
*                            HDL Elaboration                            *
=========================================================================

Elaborating module <inde>.

=========================================================================
*                           HDL Synthesis                               *
=========================================================================

Synthesizing Unit <inde>.
    Related source file is "C:\Xilinx\Tutorial\Data_Cu_Mem\inde.v".
WARNING:Xst:737 - Found 1-bit latch for signal <alu_out<2>>. Latches may be generated from incomplete case or if statements. We do not recommend the use of latches in FPGA/CPLD designs, as they may lead to timing problems.
WARNING:Xst:737 - Found 1-bit latch for signal <alu_out<1>>. Latches may be generated from incomplete case or if statements. We do not recommend the use of latches in FPGA/CPLD designs, as they may lead to timing problems.
WARNING:Xst:737 - Found 1-bit latch for signal <alu_out<0>>. Latches may be generated from incomplete case or if statements. We do not recommend the use of latches in FPGA/CPLD designs, as they may lead to timing problems.
WARNING:Xst:737 - Found 1-bit latch for signal <arith_mux>. Latches may be generated from incomplete case or if statements. We do not recommend the use of latches in FPGA/CPLD designs, as they may lead to timing problems.
    Summary:
	inferred   4 Latch(s).
	inferred  22 Multiplexer(s).
Unit <inde> synthesized.

=========================================================================
HDL Synthesis Report

Macro Statistics
# Latches                                              : 4
 1-bit latch                                           : 4
# Multiplexers                                         : 22
 1-bit 2-to-1 multiplexer                              : 22

=========================================================================

=========================================================================
*                       Advanced HDL Synthesis                          *
=========================================================================


=========================================================================
Advanced HDL Synthesis Report

Macro Statistics
# Multiplexers                                         : 22
 1-bit 2-to-1 multiplexer                              : 22

=========================================================================

=========================================================================
*                         Low Level Synthesis                           *
=========================================================================
WARNING:Xst:3002 - This design contains one or more registers/latches that are directly
   incompatible with the Spartan6 architecture. The two primary causes of this is
   either a register or latch described with both an asynchronous set and
   asynchronous reset, or a register or latch described with an asynchronous
   set or reset which however has an initialization value of the opposite 
   polarity (i.e. asynchronous reset with an initialization value of 1).
    While this circuit can be built, it creates a sub-optimal implementation
   in terms of area, power and performance. For a more optimal implementation
   Xilinx highly recommends one of the following:

          1) Remove either the set or reset from all registers and latches
             if not needed for required functionality
          2) Modify the code in order to produce a synchronous set
             and/or reset (both is preferred)
          3) Ensure all registers have the same initialization value as the
             described asynchronous set or reset polarity
          4) Use the -async_to_sync option to transform the asynchronous
             set/reset to synchronous operation
             (timing simulation highly recommended when using this option)

  Please refer to http://www.xilinx.com search string "Spartan6 asynchronous set/reset" for more details.

  List of register instances with asynchronous set and reset:
    arith_mux in unit <inde>


Optimizing unit <inde> ...

Mapping all equations...
Building and optimizing final netlist ...
Found area constraint ratio of 100 (+ 5) on block inde, actual ratio is 0.

Final Macro Processing ...

=========================================================================
Final Register Report

Found no macro
=========================================================================

=========================================================================
*                           Partition Report                            *
=========================================================================

Partition Implementation Status
-------------------------------

  No Partitions were found in this design.

-------------------------------

=========================================================================
*                            Design Summary                             *
=========================================================================

Top Level Output File Name         : inde.ngc

Primitive and Black Box Usage:
------------------------------
# BELS                             : 14
#      GND                         : 1
#      LUT2                        : 2
#      LUT3                        : 2
#      LUT4                        : 4
#      LUT5                        : 2
#      LUT6                        : 2
#      VCC                         : 1
# FlipFlops/Latches                : 4
#      LD                          : 4
# IO Buffers                       : 13
#      IBUF                        : 8
#      OBUF                        : 5

Device utilization summary:
---------------------------

Selected Device : 6slx16csg324-2 


Slice Logic Utilization: 
 Number of Slice LUTs:                   12  out of   9112     0%  
    Number used as Logic:                12  out of   9112     0%  

Slice Logic Distribution: 
 Number of LUT Flip Flop pairs used:     12
   Number with an unused Flip Flop:      12  out of     12   100%  
   Number with an unused LUT:             0  out of     12     0%  
   Number of fully used LUT-FF pairs:     0  out of     12     0%  
   Number of unique control sets:         2

IO Utilization: 
 Number of IOs:                          13
 Number of bonded IOBs:                  13  out of    232     5%  
    IOB Flip Flops/Latches:               4

Specific Feature Utilization:

---------------------------
Partition Resource Summary:
---------------------------

  No Partitions were found in this design.

---------------------------


=========================================================================
Timing Report

NOTE: THESE TIMING NUMBERS ARE ONLY A SYNTHESIS ESTIMATE.
      FOR ACCURATE TIMING INFORMATION PLEASE REFER TO THE TRACE REPORT
      GENERATED AFTER PLACE-and-ROUTE.

Clock Information:
------------------
--------------------------------------------------------+------------------------+-------+
Clock Signal                                            | Clock buffer(FF name)  | Load  |
--------------------------------------------------------+------------------------+-------+
op[3]_op_ex[3]_MUX_30_o(Mmux_op[3]_op_ex[3]_MUX_30_o1:O)| NONE(*)(alu_out_2)     | 3     |
arith_mux_G(arith_mux_G:O)                              | NONE(*)(arith_mux)     | 1     |
--------------------------------------------------------+------------------------+-------+
(*) These 2 clock signal(s) are generated by combinatorial logic,
and XST is not able to identify which are the primary clock signals.
Please use the CLOCK_SIGNAL constraint to specify the clock signal(s) generated by combinatorial logic.
INFO:Xst:2169 - HDL ADVISOR - Some clock signals were not automatically buffered by XST with BUFG/BUFR resources. Please use the buffer_type constraint in order to insert these buffers to the clock signals to help prevent skew problems.

Asynchronous Control Signals Information:
----------------------------------------
No asynchronous control signals found in this design

Timing Summary:
---------------
Speed Grade: -2

   Minimum period: No path found
   Minimum input arrival time before clock: 3.959ns
   Maximum output required time after clock: 4.174ns
   Maximum combinational path delay: No path found

Timing Details:
---------------
All values displayed in nanoseconds (ns)

=========================================================================
Timing constraint: Default OFFSET IN BEFORE for Clock 'op[3]_op_ex[3]_MUX_30_o'
  Total number of paths / destination ports: 23 / 3
-------------------------------------------------------------------------
Offset:              3.634ns (Levels of Logic = 3)
  Source:            op_ex<2> (PAD)
  Destination:       alu_out_1 (LATCH)
  Destination Clock: op[3]_op_ex[3]_MUX_30_o falling

  Data Path: op_ex<2> to alu_out_1
                                Gate     Net
    Cell:in->out      fanout   Delay   Delay  Logical Name (Net Name)
    ----------------------------------------  ------------
     IBUF:I->O             4   1.328   1.080  op_ex_2_IBUF (op_ex_2_IBUF)
     LUT4:I0->O            1   0.254   0.682  Mmux_alu_out[2]_op_ex[3]_mux_21_OUT<1>11 (Mmux_alu_out[2]_op_ex[3]_mux_21_OUT<1>1)
     LUT5:I4->O            1   0.254   0.000  Mmux_alu_out[2]_op_ex[3]_mux_21_OUT<1>12 (alu_out[2]_op_ex[3]_mux_21_OUT<1>)
     LD:D                      0.036          alu_out_1
    ----------------------------------------
    Total                      3.634ns (1.872ns logic, 1.762ns route)
                                       (51.5% logic, 48.5% route)

=========================================================================
Timing constraint: Default OFFSET IN BEFORE for Clock 'arith_mux_G'
  Total number of paths / destination ports: 8 / 1
-------------------------------------------------------------------------
Offset:              3.959ns (Levels of Logic = 3)
  Source:            op<3> (PAD)
  Destination:       arith_mux (LATCH)
  Destination Clock: arith_mux_G falling

  Data Path: op<3> to arith_mux
                                Gate     Net
    Cell:in->out      fanout   Delay   Delay  Logical Name (Net Name)
    ----------------------------------------  ------------
     IBUF:I->O             6   1.328   1.152  op_3_IBUF (op_3_IBUF)
     LUT4:I0->O            2   0.254   0.954  op[3]_GND_1_o_equal_1_o<3>1 (op[3]_GND_1_o_equal_1_o)
     LUT3:I0->O            1   0.235   0.000  arith_mux_D (arith_mux_D)
     LD:D                      0.036          arith_mux
    ----------------------------------------
    Total                      3.959ns (1.853ns logic, 2.106ns route)
                                       (46.8% logic, 53.2% route)

=========================================================================
Timing constraint: Default OFFSET OUT AFTER for Clock 'op[3]_op_ex[3]_MUX_30_o'
  Total number of paths / destination ports: 3 / 3
-------------------------------------------------------------------------
Offset:              4.174ns (Levels of Logic = 1)
  Source:            alu_out_2 (LATCH)
  Destination:       alu_out<2> (PAD)
  Source Clock:      op[3]_op_ex[3]_MUX_30_o falling

  Data Path: alu_out_2 to alu_out<2>
                                Gate     Net
    Cell:in->out      fanout   Delay   Delay  Logical Name (Net Name)
    ----------------------------------------  ------------
     LD:G->Q               1   0.581   0.681  alu_out_2 (alu_out_2)
     OBUF:I->O                 2.912          alu_out_2_OBUF (alu_out<2>)
    ----------------------------------------
    Total                      4.174ns (3.493ns logic, 0.681ns route)
                                       (83.7% logic, 16.3% route)

=========================================================================
Timing constraint: Default OFFSET OUT AFTER for Clock 'arith_mux_G'
  Total number of paths / destination ports: 1 / 1
-------------------------------------------------------------------------
Offset:              4.174ns (Levels of Logic = 1)
  Source:            arith_mux (LATCH)
  Destination:       arith_mux (PAD)
  Source Clock:      arith_mux_G falling

  Data Path: arith_mux to arith_mux
                                Gate     Net
    Cell:in->out      fanout   Delay   Delay  Logical Name (Net Name)
    ----------------------------------------  ------------
     LD:G->Q               1   0.581   0.681  arith_mux (arith_mux_OBUF)
     OBUF:I->O                 2.912          arith_mux_OBUF (arith_mux)
    ----------------------------------------
    Total                      4.174ns (3.493ns logic, 0.681ns route)
                                       (83.7% logic, 16.3% route)

=========================================================================

Cross Clock Domains Report:
--------------------------

=========================================================================


Total REAL time to Xst completion: 6.00 secs
Total CPU time to Xst completion: 5.63 secs
 
--> 

Total memory usage is 258464 kilobytes

Number of errors   :    0 (   0 filtered)
Number of warnings :    5 (   0 filtered)
Number of infos    :    1 (   0 filtered)

